2025-03-14 07:37:30.536: [INFO] VisibilityChanged: 0
2025-03-14 07:37:30.571: [INFO] RecordSyncInitDurationhas_sync_been_enabled: 0 state: 0
2025-03-14 07:37:30.571: [INFO] RecordSyncInitDurationhas_sync_been_enabled: 0 state: 0
2025-03-14 07:37:30.571: [INFO] RecordSyncInitDurationhas_sync_been_enabled: 0 state: 0
2025-03-14 07:37:30.572: [INFO] RecordSyncInitDurationhas_sync_been_enabled: 0 state: 0
2025-03-14 07:37:30.572: [INFO] RecordSyncInitDurationhas_sync_been_enabled: 0 state: 0
2025-03-14 07:37:30.572: [INFO] RecordSyncInitDurationhas_sync_been_enabled: 0 state: 0
2025-03-14 07:37:30.572: [INFO] RecordSyncInitDurationhas_sync_been_enabled: 0 state: 0
2025-03-14 07:37:30.572: [INFO] RecordSyncInitDurationhas_sync_been_enabled: 0 state: 0
2025-03-14 07:37:30.573: [INFO] RecordSyncInitDurationhas_sync_been_enabled: 0 state: 0
2025-03-14 07:37:30.573: [INFO] RecordSyncInitDurationhas_sync_been_enabled: 0 state: 0
2025-03-14 07:37:30.573: [INFO] RecordSyncInitDurationhas_sync_been_enabled: 0 state: 0
2025-03-14 07:37:30.582: [INFO] BookmarkModelLoaded, ids_reassigned: 0
2025-03-14 07:37:30.583: [INFO] BookmarkNodeAdded, ABU: 0
2025-03-14 07:37:30.583: [INFO] OnDoneLoading sync enabled: 0
2025-03-14 07:37:30.585: [INFO] RecordSyncInitDurationhas_sync_been_enabled: 0 state: 0
2025-03-14 07:37:33.272: [INFO] RecordSyncInitDurationhas_sync_been_enabled: 0 state: 3
2025-03-14 07:37:33.307: [INFO] Primary account changed.
2025-03-14 07:37:33.307: [INFO] OnPrimaryAccountChangedPrimaryAccountChangeEvent::Type::kSet
2025-03-14 07:37:33.309: [INFO] RecordSyncInitDurationhas_sync_been_enabled: 0 state: 3
2025-03-14 07:37:33.443: [INFO] RecordSyncInitDurationhas_sync_been_enabled: 0 state: 3
2025-03-14 07:37:33.534: [INFO] BookmarkNodeAdded, ABU: 0
2025-03-14 07:37:33.534: [INFO] BookmarkNodeAdded, ABU: 0
2025-03-14 07:37:33.534: [INFO] BookmarkNodeChanged, U: 1, F: 0, W: 0, P: 0
2025-03-14 07:37:36.907: [INFO] BookmarkNodeMoved
2025-03-14 07:37:36.907: [INFO] BookmarkNodeAdded, ABU: 0
2025-03-14 07:37:36.907: [INFO] BookmarkNodeMoved
2025-03-14 07:37:36.908: [INFO] BookmarkNodeRemoved, U: 0, F: 1, W: 0, P: 0
2025-03-14 07:37:36.908: [INFO] BookmarkNodeAdded, ABU: 0
2025-03-14 07:37:36.908: [INFO] BookmarkNodeRemoved, U: 1, F: 0, W: 0, P: 0
2025-03-14 07:37:37.607: [INFO] Sync initialization duration: 4076ms
