{"logTime": "0314/073733", "correlationVector":"xeK+IfFVEDhMMgU3pFLvRo.1","action":"SyncServerConnectionManagerRequest", "result":"SYNC_SERVER_OK", "context":{"environment":"Prod_eastasia_prod-s01-034-apac-eastasia", "migrationStage":"NotStarted", "server":"akswtt005000056"}}
{"logTime": "0314/073736", "correlationVector":"xeK+IfFVEDhMMgU3pFLvRo.2","action":"AAD.Mip.Unpack", "result":"Success", "context":MIP_CLOUD_COMMERCIAL:Success}
{"logTime": "0314/073736", "correlationVector":"xeK+IfFVEDhMMgU3pFLvRo.3","action":"EncryptionKeysManager::SetEncryptionKeys:", "result":"Success", "context":Key names[2]:[d4LikldJjQovTis5E95n0FbtCCxOqwaOvyFcj4oBg6bIFIXiWYqOGHSRLIqlrVOUhqQzzex4+kcmWmKtv94sqg==][cKcv90fKortOe/KE6kTlueHCBJgqwRaMq28H71ULw9ITM7nP9zu+/ULof79zC1nvy9CW8nF2nB7FtYnqz9hMUA==]}
{"logTime": "0314/073736", "correlationVector":"xeK+IfFVEDhMMgU3pFLvRo.4","action":"AAD.GetKeyResponse", "result":"Success", "context":Keys=2.LastKeyStatus=Active. 2025-02-14 09:33:25 +08.State=None. Tags: Current_encryption_keys_tag = A0kGIO+/ve+/ve+/vUrvv70tJO+/vUJ577+9aO+/ve+/ve+/vVdvwq1Z77+9Uu+/vT7vv73vv70=, Updated_current_encryption_keys_tag = Empty. Emails: ["arnold_chiou@provision.com.tw"]}
{"logTime": "0314/073736", "correlationVector":"xeK+IfFVEDhMMgU3pFLvRo.5","action":"ProcessGetUpdates", "result":"Done", "context":{"dataType":"Encryption Keys", "deleted":"0", "process_failed_to_decrypt":"0", "process_pending_decryption":"0", "process_success":"1", "total":"1"}}
{"logTime": "0314/073736", "correlationVector":"xeK+IfFVEDhMMgU3pFLvRo","action":"Initial GetUpdates", "result":"", "context":Reason: NEW_CLIENT. cV=xeK+IfFVEDhMMgU3pFLvRo}
{"logTime": "0314/073736", "correlationVector":"xeK+IfFVEDhMMgU3pFLvRo.6","action":"GetUpdates Response", "result":"Success", "context":Received 1 update(s). cV=xeK+IfFVEDhMMgU3pFLvRo.0;server=akswtt005000056;cloudType=Multitenant;environment=Prod_eastasia_prod-s01-034-apac-eastasia;migrationStage=NotStarted}
{"logTime": "0314/073736", "correlationVector":"X/hwLH4jRDLsXJlKHd3Ebq","action":"Initial GetUpdates", "result":"", "context":Reason: NEW_CLIENT. cV=X/hwLH4jRDLsXJlKHd3Ebq}
{"logTime": "0314/073736", "correlationVector":"X/hwLH4jRDLsXJlKHd3Ebq.1","action":"SyncServerConnectionManagerRequest", "result":"SYNC_SERVER_OK", "context":{"environment":"Prod_eastasia_prod-s01-034-apac-eastasia", "migrationStage":"NotStarted", "server":"akswtt005000035"}}
{"logTime": "0314/073736", "correlationVector":"X/hwLH4jRDLsXJlKHd3Ebq.2","action":"ProcessGetUpdates", "result":"Done", "context":{"dataType":"Preferences", "deleted":"0", "process_failed_to_decrypt":"0", "process_pending_decryption":"0", "process_success":"46", "total":"46"}}
{"logTime": "0314/073736", "correlationVector":"X/hwLH4jRDLsXJlKHd3Ebq.3","action":"ProcessGetUpdates", "result":"Done", "context":{"dataType":"Device Info", "deleted":"0", "process_failed_to_decrypt":"0", "process_pending_decryption":"0", "process_success":"3", "total":"3"}}
{"logTime": "0314/073736", "correlationVector":"X/hwLH4jRDLsXJlKHd3Ebq.4","action":"GetUpdates Response", "result":"Success", "context":Received 49 update(s). cV=X/hwLH4jRDLsXJlKHd3Ebq.0;server=akswtt005000035;cloudType=Multitenant;environment=Prod_eastasia_prod-s01-034-apac-eastasia;migrationStage=NotStarted}
{"logTime": "0314/073736", "correlationVector":"fkLAUfln1xS50IfLJrpeIY","action":"Initial GetUpdates", "result":"", "context":Reason: NEW_CLIENT. cV=fkLAUfln1xS50IfLJrpeIY}
{"logTime": "0314/073736", "correlationVector":"fkLAUfln1xS50IfLJrpeIY.1","action":"SyncServerConnectionManagerRequest", "result":"SYNC_SERVER_OK", "context":{"environment":"Prod_eastasia_prod-s01-034-apac-eastasia", "migrationStage":"NotStarted", "server":"akswtt00500001s"}}
{"logTime": "0314/073736", "correlationVector":"fkLAUfln1xS50IfLJrpeIY.2","action":"ProcessGetUpdates", "result":"Done", "context":{"dataType":"Bookmarks", "deleted":"0", "process_failed_to_decrypt":"0", "process_pending_decryption":"0", "process_success":"7", "total":"7"}}
{"logTime": "0314/073736", "correlationVector":"fkLAUfln1xS50IfLJrpeIY.3","action":"GetUpdates Response", "result":"Success", "context":Received 7 update(s). cV=fkLAUfln1xS50IfLJrpeIY.0;server=akswtt00500001s;cloudType=Multitenant;environment=Prod_eastasia_prod-s01-034-apac-eastasia;migrationStage=NotStarted}
{"logTime": "0314/073736", "correlationVector":"LqjNjIiYKj+4UBrXKAGtai","action":"Initial GetUpdates", "result":"", "context":Reason: NEW_CLIENT. cV=LqjNjIiYKj+4UBrXKAGtai}
{"logTime": "0314/073737", "correlationVector":"LqjNjIiYKj+4UBrXKAGtai.1","action":"SyncServerConnectionManagerRequest", "result":"SYNC_SERVER_OK", "context":{"environment":"Prod_eastasia_prod-s01-034-apac-eastasia", "migrationStage":"NotStarted", "server":"akswtt00500002e"}}
{"logTime": "0314/073737", "correlationVector":"LqjNjIiYKj+4UBrXKAGtai.2","action":"ProcessGetUpdates", "result":"Done", "context":{"dataType":"Autofill Profiles", "deleted":"0", "process_failed_to_decrypt":"0", "process_pending_decryption":"0", "process_success":"1", "total":"1"}}
{"logTime": "0314/073737", "correlationVector":"LqjNjIiYKj+4UBrXKAGtai.3","action":"ProcessGetUpdates", "result":"Done", "context":{"dataType":"Autofill", "deleted":"0", "process_failed_to_decrypt":"0", "process_pending_decryption":"0", "process_success":"2", "total":"2"}}
{"logTime": "0314/073737", "correlationVector":"LqjNjIiYKj+4UBrXKAGtai.4","action":"ProcessGetUpdates", "result":"Done", "context":{"dataType":"Edge Hub App Usage", "deleted":"0", "process_failed_to_decrypt":"0", "process_pending_decryption":"0", "process_success":"9", "total":"9"}}
{"logTime": "0314/073737", "correlationVector":"LqjNjIiYKj+4UBrXKAGtai.5","action":"GetUpdates Response", "result":"Success", "context":Received 12 update(s). cV=LqjNjIiYKj+4UBrXKAGtai.0;server=akswtt00500002e;cloudType=Multitenant;environment=Prod_eastasia_prod-s01-034-apac-eastasia;migrationStage=NotStarted Some updates remain.}
{"logTime": "0314/073737", "correlationVector":"eQg3NwC9y5mIQ0OeJeyMWa","action":"Initial GetUpdates", "result":"", "context":Reason: NEW_CLIENT. cV=eQg3NwC9y5mIQ0OeJeyMWa}
{"logTime": "0314/073737", "correlationVector":"eQg3NwC9y5mIQ0OeJeyMWa.1","action":"SyncServerConnectionManagerRequest", "result":"SYNC_SERVER_OK", "context":{"environment":"Prod_eastasia_prod-s01-034-apac-eastasia", "migrationStage":"NotStarted", "server":"akswtt005000044"}}
{"logTime": "0314/073737", "correlationVector":"eQg3NwC9y5mIQ0OeJeyMWa.2","action":"ProcessGetUpdates", "result":"Done", "context":{"dataType":"Extensions", "deleted":"0", "process_failed_to_decrypt":"0", "process_pending_decryption":"0", "process_success":"1", "total":"1"}}
{"logTime": "0314/073737", "correlationVector":"eQg3NwC9y5mIQ0OeJeyMWa.3","action":"ProcessGetUpdates", "result":"Done", "context":{"dataType":"Sessions", "deleted":"0", "process_failed_to_decrypt":"0", "process_pending_decryption":"0", "process_success":"5", "total":"5"}}
{"logTime": "0314/073737", "correlationVector":"eQg3NwC9y5mIQ0OeJeyMWa.4","action":"ProcessGetUpdates", "result":"Done", "context":{"dataType":"Edge Hub App Usage", "deleted":"0", "process_failed_to_decrypt":"0", "process_pending_decryption":"0", "process_success":"3", "total":"3"}}
{"logTime": "0314/073737", "correlationVector":"eQg3NwC9y5mIQ0OeJeyMWa.5","action":"GetUpdates Response", "result":"Success", "context":Received 9 update(s). cV=eQg3NwC9y5mIQ0OeJeyMWa.0;server=akswtt005000044;cloudType=Multitenant;environment=Prod_eastasia_prod-s01-034-apac-eastasia;migrationStage=NotStarted}
{"logTime": "0314/073737", "correlationVector":"aK5qXMj8vbaolthMeI+nTJ","action":"Initial GetUpdates", "result":"", "context":Reason: NEW_CLIENT. cV=aK5qXMj8vbaolthMeI+nTJ}
{"logTime": "0314/073737", "correlationVector":"aK5qXMj8vbaolthMeI+nTJ.1","action":"SyncServerConnectionManagerRequest", "result":"SYNC_SERVER_OK", "context":{"environment":"Prod_eastasia_prod-s01-034-apac-eastasia", "migrationStage":"NotStarted", "server":"akswtt005000026"}}
{"logTime": "0314/073737", "correlationVector":"aK5qXMj8vbaolthMeI+nTJ.2","action":"ProcessGetUpdates", "result":"Done", "context":{"dataType":"History", "deleted":"0", "process_failed_to_decrypt":"0", "process_pending_decryption":"0", "process_success":"25", "total":"25"}}
{"logTime": "0314/073737", "correlationVector":"aK5qXMj8vbaolthMeI+nTJ.3","action":"GetUpdates Response", "result":"Success", "context":Received 25 update(s). cV=aK5qXMj8vbaolthMeI+nTJ.0;server=akswtt005000026;cloudType=Multitenant;environment=Prod_eastasia_prod-s01-034-apac-eastasia;migrationStage=NotStarted}
{"logTime": "0314/073737", "correlationVector":"WBdMtJ1rpZB9vbWPnkR23p","action":"Normal GetUpdate request", "result":"", "context":cV=WBdMtJ1rpZB9vbWPnkR23p
Nudged types: Sessions, Device Info, User Consents
Refresh requested types: Bookmarks, Preferences, Passwords, Autofill Profiles, Autofill, Extensions, Sessions, Extension settings, History Delete Directives, Device Info, User Consents, Send Tab To Self, Web Apps, History, Collection, Edge E Drop, Edge Hub App Usage, Edge Tab Group, Edge Wallet, Encryption Keys}
{"logTime": "0314/073738", "correlationVector":"WBdMtJ1rpZB9vbWPnkR23p.1","action":"SyncServerConnectionManagerRequest", "result":"SYNC_SERVER_OK", "context":{"environment":"Prod_eastasia_prod-s01-034-apac-eastasia", "migrationStage":"NotStarted", "server":"akswtt00500001s"}}
{"logTime": "0314/073738", "correlationVector":"WBdMtJ1rpZB9vbWPnkR23p.2","action":"GetUpdates Response", "result":"Success", "context":Received 0 update(s). cV=WBdMtJ1rpZB9vbWPnkR23p.0;server=akswtt00500001s;cloudType=Multitenant;environment=Prod_eastasia_prod-s01-034-apac-eastasia;migrationStage=NotStarted}
{"logTime": "0314/073738", "correlationVector":"0q11l3n++EEDOISJmmXL4h","action":"DoCompareDataConsistency requsted types: ", "result":"Bookmarks, Preferences, Passwords, Extensions, Extension settings, History Delete Directives, Send Tab To Self, Web Apps, History, Collection, Edge E Drop, Edge Tab Group, Edge Wallet, Encryption Keys"}
{"logTime": "0314/073738", "correlationVector":"0q11l3n++EEDOISJmmXL4h.0","action":"CompareDataConsistency result: ", "result":"Compare result: Encryption Keys is consistent. local entities count is: 1 local entities hash is: 0m0ZC2CXuGbMRYfxy0YYuyl+PVE="}
{"logTime": "0314/073738", "correlationVector":"0q11l3n++EEDOISJmmXL4h.1","action":"CompareDataConsistency result: ", "result":"Compare result: Bookmarks is consistent. local entities count is: 2 local entities hash is: BK2uk8/kQm5fMiq7T/ZYFDJzt+I="}
{"logTime": "0314/073738", "correlationVector":"0q11l3n++EEDOISJmmXL4h.2","action":"CompareDataConsistency result: ", "result":"Compare result: Preferences is consistent. local entities count is: 46 local entities hash is: VEWT+/I1JrfA3MIeWUjiKSb5MPI="}
{"logTime": "0314/073738", "correlationVector":"0q11l3n++EEDOISJmmXL4h.3","action":"CompareDataConsistency result: ", "result":"Compare result: Passwords is consistent. local entities count is: 0 local entities hash is: "}
{"logTime": "0314/073738", "correlationVector":"0q11l3n++EEDOISJmmXL4h.4","action":"CompareDataConsistency result: ", "result":"Compare result: Extensions is consistent. local entities count is: 1 local entities hash is: X0T8tKFonyWrPmbJ50VmhFpyNE4="}
{"logTime": "0314/073738", "correlationVector":"0q11l3n++EEDOISJmmXL4h.5","action":"CompareDataConsistency result: ", "result":"Compare result: Extension settings is consistent. local entities count is: 0 local entities hash is: "}
{"logTime": "0314/073738", "correlationVector":"0q11l3n++EEDOISJmmXL4h.6","action":"CompareDataConsistency result: ", "result":"Compare result: History Delete Directives is consistent. local entities count is: 0 local entities hash is: "}
{"logTime": "0314/073738", "correlationVector":"0q11l3n++EEDOISJmmXL4h.7","action":"CompareDataConsistency result: ", "result":"Server did not send this Send Tab To Self local entities count is: 0 local entities hash is: "}
{"logTime": "0314/073738", "correlationVector":"0q11l3n++EEDOISJmmXL4h.8","action":"CompareDataConsistency result: ", "result":"Compare result: Web Apps is consistent. local entities count is: 0 local entities hash is: "}
{"logTime": "0314/073738", "correlationVector":"0q11l3n++EEDOISJmmXL4h.9","action":"CompareDataConsistency result: ", "result":"Server did not send this History local entities count is: 0 local entities hash is: "}
{"logTime": "0314/073738", "correlationVector":"0q11l3n++EEDOISJmmXL4h.10","action":"CompareDataConsistency result: ", "result":"Compare result: Collection is consistent. local entities count is: 0 local entities hash is: "}
{"logTime": "0314/073738", "correlationVector":"0q11l3n++EEDOISJmmXL4h.11","action":"CompareDataConsistency result: ", "result":"Compare result: Edge E Drop is consistent. local entities count is: 0 local entities hash is: "}
{"logTime": "0314/073738", "correlationVector":"0q11l3n++EEDOISJmmXL4h.12","action":"CompareDataConsistency result: ", "result":"Compare result: Edge Tab Group is consistent. local entities count is: 0 local entities hash is: "}
{"logTime": "0314/073738", "correlationVector":"0q11l3n++EEDOISJmmXL4h.13","action":"CompareDataConsistency result: ", "result":"Compare result: Edge Wallet is consistent. local entities count is: 0 local entities hash is: "}
{"logTime": "0314/073738", "correlationVector":"mO+fwVtglf5JKgmXKcIe/5","action":"Commit Request", "result":"", "context":Item count: 5
Contributing types: Sessions, Device Info, User Consents}
{"logTime": "0314/073738", "correlationVector":"mO+fwVtglf5JKgmXKcIe/5.1","action":"SyncServerConnectionManagerRequest", "result":"SYNC_SERVER_OK", "context":{"environment":"Prod_eastasia_prod-s01-034-apac-eastasia", "migrationStage":"NotStarted", "server":"akswtt00500002e"}}
{"logTime": "0314/073738", "correlationVector":"mO+fwVtglf5JKgmXKcIe/5.2","action":"Commit Response", "result":"Success", "context":Result: Success. cV=mO+fwVtglf5JKgmXKcIe/5.0;server=akswtt00500002e;cloudType=Multitenant;environment=Prod_eastasia_prod-s01-034-apac-eastasia;migrationStage=NotStarted}
{"logTime": "0314/073738", "correlationVector":"","action":"DIAGNOSTIC_REQUEST|v1/diagnosticData/Diagnostic.SendCheckResult()|SUCCESS", "result":""}
